<?xml version="1.0" encoding="UTF-8" ?>
<testsuite failures="0" time="1.091" errors="0" skipped="0" tests="1" name="FMIN362.it.WebappIT">
  <properties>
    <property name="java.runtime.name" value="Java(TM) SE Runtime Environment"/>
    <property name="sun.boot.library.path" value="/auto_home/atazouti/Desktop/jdk1.7.0/jre/lib/i386"/>
    <property name="java.vm.version" value="21.0-b17"/>
    <property name="java.vm.vendor" value="Oracle Corporation"/>
    <property name="java.vendor.url" value="http://java.oracle.com/"/>
    <property name="path.separator" value=":"/>
    <property name="java.vm.name" value="Java HotSpot(TM) Server VM"/>
    <property name="file.encoding.pkg" value="sun.io"/>
    <property name="user.country" value="FR"/>
    <property name="sun.java.launcher" value="SUN_STANDARD"/>
    <property name="sun.os.patch.level" value="unknown"/>
    <property name="java.vm.specification.name" value="Java Virtual Machine Specification"/>
    <property name="user.dir" value="/auto_home/atazouti/GIT/ProjetTwittMaven"/>
    <property name="java.runtime.version" value="1.7.0-b147"/>
    <property name="java.awt.graphicsenv" value="sun.awt.X11GraphicsEnvironment"/>
    <property name="basedir" value="/auto_home/atazouti/GIT/ProjetTwittMaven"/>
    <property name="java.endorsed.dirs" value="/auto_home/atazouti/Desktop/jdk1.7.0/jre/lib/endorsed"/>
    <property name="os.arch" value="i386"/>
    <property name="surefire.real.class.path" value="/auto_home/atazouti/GIT/ProjetTwittMaven/target/surefire/surefirebooter7597136847788996590.jar"/>
    <property name="java.io.tmpdir" value="/tmp"/>
    <property name="line.separator" value="
"/>
    <property name="java.vm.specification.vendor" value="Oracle Corporation"/>
    <property name="os.name" value="Linux"/>
    <property name="sun.jnu.encoding" value="UTF-8"/>
    <property name="java.library.path" value="/usr/java/packages/lib/i386:/lib:/usr/lib"/>
    <property name="surefire.test.class.path" value="/auto_home/atazouti/GIT/ProjetTwittMaven/target/test-classes:/auto_home/atazouti/GIT/ProjetTwittMaven/target/classes:/auto_home/atazouti/.m2/repository/junit/junit/3.8.1/junit-3.8.1.jar:"/>
    <property name="java.specification.name" value="Java Platform API Specification"/>
    <property name="java.class.version" value="51.0"/>
    <property name="sun.management.compiler" value="HotSpot Tiered Compilers"/>
    <property name="os.version" value="2.6.18-238.9.1.el5PAE"/>
    <property name="user.home" value="/auto_home/atazouti"/>
    <property name="user.timezone" value=""/>
    <property name="java.awt.printerjob" value="sun.print.PSPrinterJob"/>
    <property name="file.encoding" value="UTF-8"/>
    <property name="java.specification.version" value="1.7"/>
    <property name="user.name" value="atazouti"/>
    <property name="java.class.path" value="/auto_home/atazouti/GIT/ProjetTwittMaven/target/test-classes:/auto_home/atazouti/GIT/ProjetTwittMaven/target/classes:/auto_home/atazouti/.m2/repository/junit/junit/3.8.1/junit-3.8.1.jar:"/>
    <property name="servlet.port" value="8080"/>
    <property name="java.vm.specification.version" value="1.7"/>
    <property name="sun.arch.data.model" value="32"/>
    <property name="java.home" value="/auto_home/atazouti/Desktop/jdk1.7.0/jre"/>
    <property name="sun.java.command" value="/auto_home/atazouti/GIT/ProjetTwittMaven/target/surefire/surefirebooter7597136847788996590.jar /auto_home/atazouti/GIT/ProjetTwittMaven/target/surefire/surefire8352940969647370417tmp /auto_home/atazouti/GIT/ProjetTwittMaven/target/surefire/surefire1274454744527249013tmp"/>
    <property name="java.specification.vendor" value="Oracle Corporation"/>
    <property name="user.language" value="fr"/>
    <property name="awt.toolkit" value="sun.awt.X11.XToolkit"/>
    <property name="java.vm.info" value="mixed mode"/>
    <property name="java.version" value="1.7.0"/>
    <property name="java.ext.dirs" value="/auto_home/atazouti/Desktop/jdk1.7.0/jre/lib/ext:/usr/java/packages/lib/ext"/>
    <property name="sun.boot.class.path" value="/auto_home/atazouti/Desktop/jdk1.7.0/jre/lib/resources.jar:/auto_home/atazouti/Desktop/jdk1.7.0/jre/lib/rt.jar:/auto_home/atazouti/Desktop/jdk1.7.0/jre/lib/sunrsasign.jar:/auto_home/atazouti/Desktop/jdk1.7.0/jre/lib/jsse.jar:/auto_home/atazouti/Desktop/jdk1.7.0/jre/lib/jce.jar:/auto_home/atazouti/Desktop/jdk1.7.0/jre/lib/charsets.jar:/auto_home/atazouti/Desktop/jdk1.7.0/jre/classes"/>
    <property name="java.vendor" value="Oracle Corporation"/>
    <property name="localRepository" value="/auto_home/atazouti/.m2/repository"/>
    <property name="file.separator" value="/"/>
    <property name="java.vendor.url.bug" value="http://bugreport.sun.com/bugreport/"/>
    <property name="sun.cpu.endian" value="little"/>
    <property name="sun.io.unicode.encoding" value="UnicodeLittle"/>
    <property name="sun.desktop" value="gnome"/>
    <property name="sun.cpu.isalist" value=""/>
  </properties>
  <testcase time="1.082" classname="FMIN362.it.WebappIT" name="testCallIndexPage"/>
</testsuite>